0 info it worked if it ends with ok
1 verbose cli [ '/usr/bin/node', '/usr/bin/npm', 'run', 'getvin' ]
2 info using npm@3.5.2
3 info using node@v8.10.0
4 verbose run-script [ 'pregetvin', 'getvin', 'postgetvin' ]
5 info lifecycle gettesla@0.0.0~pregetvin: gettesla@0.0.0
6 silly lifecycle gettesla@0.0.0~pregetvin: no script for pregetvin, continuing
7 info lifecycle gettesla@0.0.0~getvin: gettesla@0.0.0
8 verbose lifecycle gettesla@0.0.0~getvin: unsafe-perm in lifecycle true
9 verbose lifecycle gettesla@0.0.0~getvin: PATH: /usr/share/npm/bin/node-gyp-bin:/data/gettesla/node_modules/.bin:/usr/local/sbin:/usr/local/bin:/usr/sbin:/usr/bin:/sbin:/bin
10 verbose lifecycle gettesla@0.0.0~getvin: CWD: /data/gettesla
11 silly lifecycle gettesla@0.0.0~getvin: Args: [ '-c', 'ts-node-dev ./src/getVIN.ts' ]
12 silly lifecycle gettesla@0.0.0~getvin: Returned: code: 1  signal: null
13 info lifecycle gettesla@0.0.0~getvin: Failed to exec getvin script
14 verbose stack Error: gettesla@0.0.0 getvin: `ts-node-dev ./src/getVIN.ts`
14 verbose stack Exit status 1
14 verbose stack     at EventEmitter.<anonymous> (/usr/share/npm/lib/utils/lifecycle.js:232:16)
14 verbose stack     at emitTwo (events.js:126:13)
14 verbose stack     at EventEmitter.emit (events.js:214:7)
14 verbose stack     at ChildProcess.<anonymous> (/usr/share/npm/lib/utils/spawn.js:24:14)
14 verbose stack     at emitTwo (events.js:126:13)
14 verbose stack     at ChildProcess.emit (events.js:214:7)
14 verbose stack     at maybeClose (internal/child_process.js:925:16)
14 verbose stack     at Process.ChildProcess._handle.onexit (internal/child_process.js:209:5)
15 verbose pkgid gettesla@0.0.0
16 verbose cwd /data/gettesla
17 error Linux 4.4.59+
18 error argv "/usr/bin/node" "/usr/bin/npm" "run" "getvin"
19 error node v8.10.0
20 error npm  v3.5.2
21 error code ELIFECYCLE
22 error gettesla@0.0.0 getvin: `ts-node-dev ./src/getVIN.ts`
22 error Exit status 1
23 error Failed at the gettesla@0.0.0 getvin script 'ts-node-dev ./src/getVIN.ts'.
23 error Make sure you have the latest version of node.js and npm installed.
23 error If you do, this is most likely a problem with the gettesla package,
23 error not with npm itself.
23 error Tell the author that this fails on your system:
23 error     ts-node-dev ./src/getVIN.ts
23 error You can get information on how to open an issue for this project with:
23 error     npm bugs gettesla
23 error Or if that isn't available, you can get their info via:
23 error     npm owner ls gettesla
23 error There is likely additional logging output above.
24 verbose exit [ 1, true ]
